2019-02-26 20:35:44,048:Members_Scanner:INFO:Blackstonemike1#0351
2019-02-26 20:35:44,048:Members_Scanner:INFO:Douglas MacArthur#1677
2019-02-26 20:35:44,048:Members_Scanner:INFO:Monkey with PTSD#3839
2019-02-26 20:35:44,048:Members_Scanner:INFO:Midnight#2219
2019-02-26 20:35:44,048:Members_Scanner:INFO:SweggySloth#2023
2019-02-26 20:35:44,048:Members_Scanner:INFO:Dyno#3861
2019-02-26 20:35:44,049:Members_Scanner:INFO:Sirtow#6744
2019-02-26 20:35:44,049:Members_Scanner:INFO:FredBoat♪♪#7284
2019-02-26 20:35:44,049:Members_Scanner:INFO:Scotty#3130
2019-02-26 20:35:44,049:Members_Scanner:INFO:Burnwolf#5678
2019-02-26 20:35:44,049:Members_Scanner:INFO:Kachow#5150
2019-02-26 20:35:44,049:Members_Scanner:INFO:MaShoe#7701
2019-02-26 20:35:44,049:Members_Scanner:INFO:Soup Man#4329
2019-02-26 20:35:44,049:Members_Scanner:INFO:Dank Memer#6539
2019-02-26 20:35:44,049:Members_Scanner:INFO:rocky023#0469
2019-02-26 20:35:44,049:Members_Scanner:INFO:dboyd1234#4288
2019-02-26 20:35:44,049:Members_Scanner:INFO:Y1NY4N6#7685
2019-02-26 20:35:44,049:Members_Scanner:INFO:hackerman432#1330
2019-02-26 20:35:44,049:Members_Scanner:INFO:EntityFile#8398
2019-02-26 20:35:44,049:Members_Scanner:INFO:CristianisOnline#4955
2019-02-26 20:35:44,049:Members_Scanner:INFO:Kodibodi#3941
2019-02-26 20:35:44,049:Members_Scanner:INFO:bac0nATEr#0819
2019-02-26 20:35:44,050:Members_Scanner:INFO:Rocket_games#8952
2019-02-26 20:35:44,050:Members_Scanner:INFO:fighterpizza#7482
2019-02-26 20:35:44,050:Members_Scanner:INFO:3vster Bot#0580
2019-02-26 20:36:45,369:Members_Scanner:INFO:Blackstonemike1#0351
2019-02-26 20:36:45,369:Members_Scanner:INFO:Douglas MacArthur#1677
2019-02-26 20:36:45,369:Members_Scanner:INFO:Monkey with PTSD#3839
2019-02-26 20:36:45,370:Members_Scanner:INFO:Midnight#2219
2019-02-26 20:36:45,370:Members_Scanner:INFO:SweggySloth#2023
2019-02-26 20:36:45,370:Members_Scanner:INFO:Dyno#3861
2019-02-26 20:36:45,370:Members_Scanner:INFO:Sirtow#6744
2019-02-26 20:36:45,370:Members_Scanner:INFO:FredBoat♪♪#7284
2019-02-26 20:36:45,370:Members_Scanner:INFO:Scotty#3130
2019-02-26 20:36:45,370:Members_Scanner:INFO:Burnwolf#5678
2019-02-26 20:36:45,370:Members_Scanner:INFO:Kachow#5150
2019-02-26 20:36:45,370:Members_Scanner:INFO:MaShoe#7701
2019-02-26 20:36:45,371:Members_Scanner:INFO:Soup Man#4329
2019-02-26 20:36:45,371:Members_Scanner:INFO:Dank Memer#6539
2019-02-26 20:36:45,371:Members_Scanner:INFO:rocky023#0469
2019-02-26 20:36:45,371:Members_Scanner:INFO:dboyd1234#4288
2019-02-26 20:36:45,371:Members_Scanner:INFO:Y1NY4N6#7685
2019-02-26 20:36:45,371:Members_Scanner:INFO:hackerman432#1330
2019-02-26 20:36:45,371:Members_Scanner:INFO:EntityFile#8398
2019-02-26 20:36:45,371:Members_Scanner:INFO:CristianisOnline#4955
2019-02-26 20:36:45,371:Members_Scanner:INFO:Kodibodi#3941
2019-02-26 20:36:45,371:Members_Scanner:INFO:bac0nATEr#0819
2019-02-26 20:36:45,371:Members_Scanner:INFO:Rocket_games#8952
2019-02-26 20:36:45,371:Members_Scanner:INFO:fighterpizza#7482
2019-02-26 20:36:45,371:Members_Scanner:INFO:3vster Bot#0580
2019-02-26 20:36:57,910:Members_Scanner:INFO:Blackstonemike1#0351
2019-02-26 20:36:57,910:Members_Scanner:INFO:Douglas MacArthur#1677
2019-02-26 20:36:57,911:Members_Scanner:INFO:Monkey with PTSD#3839
2019-02-26 20:36:57,911:Members_Scanner:INFO:Midnight#2219
2019-02-26 20:36:57,911:Members_Scanner:INFO:SweggySloth#2023
2019-02-26 20:36:57,911:Members_Scanner:INFO:Dyno#3861
2019-02-26 20:36:57,911:Members_Scanner:INFO:Sirtow#6744
2019-02-26 20:36:57,912:Members_Scanner:INFO:FredBoat♪♪#7284
2019-02-26 20:36:57,912:Members_Scanner:INFO:Scotty#3130
2019-02-26 20:36:57,912:Members_Scanner:INFO:Burnwolf#5678
2019-02-26 20:36:57,912:Members_Scanner:INFO:Kachow#5150
2019-02-26 20:36:57,912:Members_Scanner:INFO:MaShoe#7701
2019-02-26 20:36:57,912:Members_Scanner:INFO:Soup Man#4329
2019-02-26 20:36:57,912:Members_Scanner:INFO:Dank Memer#6539
2019-02-26 20:36:57,913:Members_Scanner:INFO:rocky023#0469
2019-02-26 20:36:57,913:Members_Scanner:INFO:dboyd1234#4288
2019-02-26 20:36:57,913:Members_Scanner:INFO:Y1NY4N6#7685
2019-02-26 20:36:57,913:Members_Scanner:INFO:hackerman432#1330
2019-02-26 20:36:57,913:Members_Scanner:INFO:EntityFile#8398
2019-02-26 20:36:57,913:Members_Scanner:INFO:CristianisOnline#4955
2019-02-26 20:36:57,913:Members_Scanner:INFO:Kodibodi#3941
2019-02-26 20:36:57,914:Members_Scanner:INFO:bac0nATEr#0819
2019-02-26 20:36:57,914:Members_Scanner:INFO:Rocket_games#8952
2019-02-26 20:36:57,914:Members_Scanner:INFO:fighterpizza#7482
2019-02-26 20:36:57,914:Members_Scanner:INFO:3vster Bot#0580
2019-02-26 20:37:32,468:Members_Scanner:INFO:Blackstonemike1#0351
2019-02-26 20:37:32,468:Members_Scanner:INFO:Douglas MacArthur#1677
2019-02-26 20:37:32,468:Members_Scanner:INFO:Monkey with PTSD#3839
2019-02-26 20:37:32,468:Members_Scanner:INFO:Midnight#2219
2019-02-26 20:37:32,468:Members_Scanner:INFO:SweggySloth#2023
2019-02-26 20:37:32,468:Members_Scanner:INFO:Dyno#3861
2019-02-26 20:37:32,468:Members_Scanner:INFO:Sirtow#6744
2019-02-26 20:37:32,468:Members_Scanner:INFO:FredBoat♪♪#7284
2019-02-26 20:37:32,469:Members_Scanner:INFO:Scotty#3130
2019-02-26 20:37:32,469:Members_Scanner:INFO:Burnwolf#5678
2019-02-26 20:37:32,469:Members_Scanner:INFO:Kachow#5150
2019-02-26 20:37:32,469:Members_Scanner:INFO:MaShoe#7701
2019-02-26 20:37:32,469:Members_Scanner:INFO:Soup Man#4329
2019-02-26 20:37:32,469:Members_Scanner:INFO:Dank Memer#6539
2019-02-26 20:37:32,469:Members_Scanner:INFO:rocky023#0469
2019-02-26 20:37:32,469:Members_Scanner:INFO:dboyd1234#4288
2019-02-26 20:37:32,469:Members_Scanner:INFO:Y1NY4N6#7685
2019-02-26 20:37:32,469:Members_Scanner:INFO:hackerman432#1330
2019-02-26 20:37:32,469:Members_Scanner:INFO:EntityFile#8398
2019-02-26 20:37:32,469:Members_Scanner:INFO:CristianisOnline#4955
2019-02-26 20:37:32,469:Members_Scanner:INFO:Kodibodi#3941
2019-02-26 20:37:32,469:Members_Scanner:INFO:bac0nATEr#0819
2019-02-26 20:37:32,470:Members_Scanner:INFO:Rocket_games#8952
2019-02-26 20:37:32,470:Members_Scanner:INFO:fighterpizza#7482
2019-02-26 20:37:32,470:Members_Scanner:INFO:3vster Bot#0580
2019-02-26 20:38:06,289:Members_Scanner:INFO:Blackstonemike1#0351
2019-02-26 20:38:06,289:Members_Scanner:INFO:Douglas MacArthur#1677
2019-02-26 20:38:06,289:Members_Scanner:INFO:Monkey with PTSD#3839
2019-02-26 20:38:06,289:Members_Scanner:INFO:Midnight#2219
2019-02-26 20:38:06,290:Members_Scanner:INFO:SweggySloth#2023
2019-02-26 20:38:06,290:Members_Scanner:INFO:Dyno#3861
2019-02-26 20:38:06,290:Members_Scanner:INFO:Sirtow#6744
2019-02-26 20:38:06,290:Members_Scanner:INFO:FredBoat♪♪#7284
2019-02-26 20:38:06,290:Members_Scanner:INFO:Scotty#3130
2019-02-26 20:38:06,290:Members_Scanner:INFO:Burnwolf#5678
2019-02-26 20:38:06,291:Members_Scanner:INFO:Kachow#5150
2019-02-26 20:38:06,291:Members_Scanner:INFO:MaShoe#7701
2019-02-26 20:38:06,291:Members_Scanner:INFO:Soup Man#4329
2019-02-26 20:38:06,291:Members_Scanner:INFO:Dank Memer#6539
2019-02-26 20:38:06,291:Members_Scanner:INFO:rocky023#0469
2019-02-26 20:38:06,291:Members_Scanner:INFO:dboyd1234#4288
2019-02-26 20:38:06,291:Members_Scanner:INFO:Y1NY4N6#7685
2019-02-26 20:38:06,292:Members_Scanner:INFO:hackerman432#1330
2019-02-26 20:38:06,292:Members_Scanner:INFO:EntityFile#8398
2019-02-26 20:38:06,292:Members_Scanner:INFO:CristianisOnline#4955
2019-02-26 20:38:06,292:Members_Scanner:INFO:Kodibodi#3941
2019-02-26 20:38:06,292:Members_Scanner:INFO:bac0nATEr#0819
2019-02-26 20:38:06,292:Members_Scanner:INFO:Rocket_games#8952
2019-02-26 20:38:06,292:Members_Scanner:INFO:fighterpizza#7482
2019-02-26 20:38:06,293:Members_Scanner:INFO:3vster Bot#0580
2019-02-26 20:38:28,138:Members_Scanner:INFO:Blackstonemike1#0351
2019-02-26 20:38:28,138:Members_Scanner:INFO:Douglas MacArthur#1677
2019-02-26 20:38:28,138:Members_Scanner:INFO:Monkey with PTSD#3839
2019-02-26 20:38:28,138:Members_Scanner:INFO:Midnight#2219
2019-02-26 20:38:28,138:Members_Scanner:INFO:SweggySloth#2023
2019-02-26 20:38:28,138:Members_Scanner:INFO:Dyno#3861
2019-02-26 20:38:28,138:Members_Scanner:INFO:Sirtow#6744
2019-02-26 20:38:28,139:Members_Scanner:INFO:FredBoat♪♪#7284
2019-02-26 20:38:28,139:Members_Scanner:INFO:Scotty#3130
2019-02-26 20:38:28,139:Members_Scanner:INFO:Burnwolf#5678
2019-02-26 20:38:28,139:Members_Scanner:INFO:Kachow#5150
2019-02-26 20:38:28,139:Members_Scanner:INFO:MaShoe#7701
2019-02-26 20:38:28,139:Members_Scanner:INFO:Soup Man#4329
2019-02-26 20:38:28,139:Members_Scanner:INFO:Dank Memer#6539
2019-02-26 20:38:28,140:Members_Scanner:INFO:rocky023#0469
2019-02-26 20:38:28,140:Members_Scanner:INFO:dboyd1234#4288
2019-02-26 20:38:28,140:Members_Scanner:INFO:Y1NY4N6#7685
2019-02-26 20:38:28,140:Members_Scanner:INFO:hackerman432#1330
2019-02-26 20:38:28,140:Members_Scanner:INFO:EntityFile#8398
2019-02-26 20:38:28,140:Members_Scanner:INFO:CristianisOnline#4955
2019-02-26 20:38:28,140:Members_Scanner:INFO:Kodibodi#3941
2019-02-26 20:38:28,140:Members_Scanner:INFO:bac0nATEr#0819
2019-02-26 20:38:28,141:Members_Scanner:INFO:Rocket_games#8952
2019-02-26 20:38:28,141:Members_Scanner:INFO:fighterpizza#7482
2019-02-26 20:38:28,141:Members_Scanner:INFO:3vster Bot#0580
2019-02-26 20:39:02,300:Members_Scanner:INFO:Blackstonemike1#0351
2019-02-26 20:39:02,301:Members_Scanner:INFO:Douglas MacArthur#1677
2019-02-26 20:39:02,301:Members_Scanner:INFO:Monkey with PTSD#3839
2019-02-26 20:39:02,301:Members_Scanner:INFO:Midnight#2219
2019-02-26 20:39:02,301:Members_Scanner:INFO:SweggySloth#2023
2019-02-26 20:39:02,301:Members_Scanner:INFO:Dyno#3861
2019-02-26 20:39:02,301:Members_Scanner:INFO:Sirtow#6744
2019-02-26 20:39:02,302:Members_Scanner:INFO:FredBoat♪♪#7284
2019-02-26 20:39:02,302:Members_Scanner:INFO:Scotty#3130
2019-02-26 20:39:02,302:Members_Scanner:INFO:Burnwolf#5678
2019-02-26 20:39:02,302:Members_Scanner:INFO:Kachow#5150
2019-02-26 20:39:02,302:Members_Scanner:INFO:MaShoe#7701
2019-02-26 20:39:02,302:Members_Scanner:INFO:Soup Man#4329
2019-02-26 20:39:02,303:Members_Scanner:INFO:Dank Memer#6539
2019-02-26 20:39:02,303:Members_Scanner:INFO:rocky023#0469
2019-02-26 20:39:02,303:Members_Scanner:INFO:dboyd1234#4288
2019-02-26 20:39:02,303:Members_Scanner:INFO:Y1NY4N6#7685
2019-02-26 20:39:02,303:Members_Scanner:INFO:hackerman432#1330
2019-02-26 20:39:02,303:Members_Scanner:INFO:EntityFile#8398
2019-02-26 20:39:02,303:Members_Scanner:INFO:CristianisOnline#4955
2019-02-26 20:39:02,304:Members_Scanner:INFO:Kodibodi#3941
2019-02-26 20:39:02,304:Members_Scanner:INFO:bac0nATEr#0819
2019-02-26 20:39:02,304:Members_Scanner:INFO:Rocket_games#8952
2019-02-26 20:39:02,304:Members_Scanner:INFO:fighterpizza#7482
2019-02-26 20:39:02,304:Members_Scanner:INFO:3vster Bot#0580
